{"level":"info","message":"GET /","timestamp":"2025-05-06T04:06:26.658Z"}
{"level":"info","message":"GET /favicon.ico","timestamp":"2025-05-06T04:06:26.843Z"}
{"level":"info","message":"GET /","timestamp":"2025-05-06T04:06:47.370Z"}
{"level":"info","message":"GET /","timestamp":"2025-05-06T04:06:48.082Z"}
{"level":"info","message":"GET /","timestamp":"2025-05-06T04:06:48.251Z"}
{"level":"info","message":"GET /form","timestamp":"2025-05-06T04:06:51.156Z"}
{"level":"info","message":"GET /","timestamp":"2025-05-06T04:06:53.573Z"}
{"level":"info","message":"GET /simulation","timestamp":"2025-05-06T04:06:56.035Z"}
{"level":"info","message":"GET /form","timestamp":"2025-05-06T04:07:08.111Z"}
{"level":"info","message":"POST /process","timestamp":"2025-05-06T04:08:17.663Z"}
{"level":"info","message":"GET /","timestamp":"2025-05-06T04:08:33.237Z"}
{"level":"info","message":"GET /simulation","timestamp":"2025-05-06T04:08:35.828Z"}
{"level":"info","message":"GET /simulation","timestamp":"2025-05-06T04:12:47.068Z"}
{"level":"info","message":"GET /simulation","timestamp":"2025-05-06T04:12:51.337Z"}
{"level":"info","message":"GET /simulation","timestamp":"2025-05-06T04:13:10.228Z"}
{"level":"info","message":"GET /simulation","timestamp":"2025-05-06T04:30:18.814Z"}
{"level":"info","message":"GET /","timestamp":"2025-05-06T04:30:40.238Z"}
{"level":"info","message":"GET /docs","timestamp":"2025-05-06T04:30:41.360Z"}
{"level":"info","message":"GET /simulation","timestamp":"2025-05-06T04:38:35.944Z"}
{"level":"info","message":"GET /","timestamp":"2025-05-06T04:38:38.938Z"}
{"level":"info","message":"GET /simulation","timestamp":"2025-05-06T04:39:28.213Z"}
{"level":"info","message":"GET /","timestamp":"2025-05-06T07:53:33.216Z"}
{"level":"info","message":"GET /favicon.ico","timestamp":"2025-05-06T07:53:33.296Z"}
{"level":"info","message":"GET /simulation","timestamp":"2025-05-06T07:53:35.123Z"}
{"level":"info","message":"GET /","timestamp":"2025-05-06T07:53:50.324Z"}
{"level":"info","message":"GET /quiz","timestamp":"2025-05-06T07:53:52.123Z"}
{"level":"error","message":"Error: Failed to lookup view \"quiz\" in views directory \"/home/wicom/e-leaning/views\"\n    at Function.render (/home/wicom/e-leaning/node_modules/express/lib/application.js:597:17)\n    at ServerResponse.render (/home/wicom/e-leaning/node_modules/express/lib/response.js:1049:7)\n    at Query.onResult (/home/wicom/e-leaning/controllers/userController.js:66:11)\n    at /home/wicom/e-leaning/node_modules/mysql2/lib/commands/query.js:87:16\n    at process.processTicksAndRejections (node:internal/process/task_queues:85:11)","timestamp":"2025-05-06T07:53:52.129Z"}
{"level":"info","message":"GET /form","timestamp":"2025-05-06T07:54:32.926Z"}
{"level":"info","message":"GET /form","timestamp":"2025-05-06T07:54:35.653Z"}
{"level":"info","message":"GET /","timestamp":"2025-05-06T07:54:37.508Z"}
{"level":"info","message":"GET /docs","timestamp":"2025-05-06T07:54:40.339Z"}
{"level":"info","message":"GET /","timestamp":"2025-05-06T10:08:01.226Z"}
{"level":"info","message":"GET /simulation","timestamp":"2025-05-06T10:08:02.490Z"}
{"level":"info","message":"GET /","timestamp":"2025-05-06T10:20:36.637Z"}
{"level":"info","message":"GET /simulation","timestamp":"2025-05-06T10:37:13.001Z"}
{"level":"info","message":"GET /","timestamp":"2025-05-06T10:37:15.151Z"}
{"level":"info","message":"GET /","timestamp":"2025-05-06T10:42:38.845Z"}
{"level":"info","message":"GET /simulation","timestamp":"2025-05-06T10:42:45.241Z"}
{"level":"info","message":"GET /","timestamp":"2025-05-06T10:51:19.548Z"}
{"level":"info","message":"GET /","timestamp":"2025-05-06T10:53:43.361Z"}
{"level":"info","message":"GET /","timestamp":"2025-05-06T10:59:37.388Z"}
{"level":"info","message":"GET /images/logo.png","timestamp":"2025-05-06T10:59:37.408Z"}
{"level":"info","message":"GET /","timestamp":"2025-05-06T11:00:11.526Z"}
{"level":"info","message":"GET /images/e_learning.png","timestamp":"2025-05-06T11:00:11.542Z"}
{"level":"info","message":"GET /","timestamp":"2025-05-06T11:00:12.782Z"}
{"level":"info","message":"GET /images/e_learning.png","timestamp":"2025-05-06T11:00:12.802Z"}
{"level":"info","message":"GET /","timestamp":"2025-05-06T11:01:01.865Z"}
{"level":"info","message":"GET /images/e_learning.png","timestamp":"2025-05-06T11:01:01.886Z"}
{"level":"info","message":"GET /","timestamp":"2025-05-06T11:01:33.713Z"}
{"level":"info","message":"GET /images/e_learning.png","timestamp":"2025-05-06T11:01:33.739Z"}
{"level":"info","message":"GET /","timestamp":"2025-05-06T11:04:24.151Z"}
{"level":"info","message":"GET /","timestamp":"2025-05-06T11:06:23.860Z"}
{"level":"info","message":"GET /","timestamp":"2025-05-06T11:08:59.691Z"}
{"level":"info","message":"GET /","timestamp":"2025-05-06T11:09:12.060Z"}
{"level":"info","message":"GET /","timestamp":"2025-05-06T11:09:32.981Z"}
{"level":"info","message":"GET /","timestamp":"2025-05-06T11:09:51.537Z"}
{"level":"info","message":"GET /","timestamp":"2025-05-06T11:10:21.444Z"}
{"level":"info","message":"GET /","timestamp":"2025-05-06T11:10:36.407Z"}
{"level":"info","message":"GET /","timestamp":"2025-05-06T11:11:22.736Z"}
{"level":"info","message":"GET /","timestamp":"2025-05-06T11:11:55.018Z"}
{"level":"info","message":"GET /simulation","timestamp":"2025-05-06T11:12:00.393Z"}
{"level":"info","message":"GET /","timestamp":"2025-05-06T11:15:49.697Z"}
{"level":"info","message":"GET /","timestamp":"2025-05-06T11:17:28.415Z"}
